<?xml version="1.0" encoding="UTF-8"?>
<!-- Generated by org.testng.reporters.JUnitReportReporter -->
<testsuite hostname="Nirosh-PC" name="NIC.NICNGTest" tests="1" failures="0" timestamp="12 Sep 2013 04:16:25 GMT" time="0.085" errors="0">
  <testcase name="testCalculate" time="0.085" classname="NIC.NICNGTest"/>
</testsuite> <!-- NIC.NICNGTest -->
